<?xml version="1.0" encoding="UTF-8"?>
<!-- Generated by org.testng.reporters.JUnitReportReporter -->
<testsuite hostname="Karya-45154KR" name="regression.SampleTest" tests="1" failures="0" timestamp="27 Oct 2015 07:47:54 GMT" time="0.000" errors="0">
  <testcase name="infoTest" time="0.000" classname="regression.SampleTest"/>
</testsuite> <!-- regression.SampleTest -->
